# JRE version: Java(TM) SE Runtime Environment (8.0_201-b09) (build 1.8.0_201-b09)
# Java VM: Java HotSpot(TM) 64-Bit Server VM (25.201-b09 mixed mode windows-amd64 compressed oops)
Heap:
 PSYoungGen      total 66048K, used 37655K [0x00000000d8d00000, 0x00000000dd200000, 0x0000000100000000)
  eden space 61440K, 61% used [0x00000000d8d00000,0x00000000db1c5eb8,0x00000000dc900000)
  from space 4608K, 0% used [0x00000000dcd80000,0x00000000dcd80000,0x00000000dd200000)
  to   space 4608K, 0% used [0x00000000dc900000,0x00000000dc900000,0x00000000dcd80000)
 ParOldGen       total 56832K, used 6189K [0x000000008a600000, 0x000000008dd80000, 0x00000000d8d00000)
  object space 56832K, 10% used [0x000000008a600000,0x000000008ac0b5a0,0x000000008dd80000)
 Metaspace       used 27723K, capacity 28146K, committed 28544K, reserved 1073152K
  class space    used 3776K, capacity 3900K, committed 3968K, reserved 1048576K
GC Heap History (10 events):
Event: 0.106 GC heap before
{Heap before GC invocations=1 (full 0):
 PSYoungGen      total 35328K, used 30674K [0x00000000d8d00000, 0x00000000db400000, 0x0000000100000000)
  eden space 30720K, 99% used [0x00000000d8d00000,0x00000000daaf4aa0,0x00000000dab00000)
  from space 4608K, 0% used [0x00000000daf80000,0x00000000daf80000,0x00000000db400000)
  to   space 4608K, 0% used [0x00000000dab00000,0x00000000dab00000,0x00000000daf80000)
 ParOldGen       total 80896K, used 0K [0x000000008a600000, 0x000000008f500000, 0x00000000d8d00000)
  object space 80896K, 0% used [0x000000008a600000,0x000000008a600000,0x000000008f500000)
 Metaspace       used 3306K, capacity 4490K, committed 4864K, reserved 1056768K
  class space    used 384K, capacity 386K, committed 512K, reserved 1048576K
Event: 0.107 GC heap after
Heap after GC invocations=1 (full 0):
 PSYoungGen      total 35328K, used 718K [0x00000000d8d00000, 0x00000000db400000, 0x0000000100000000)
  eden space 30720K, 0% used [0x00000000d8d00000,0x00000000d8d00000,0x00000000dab00000)
  from space 4608K, 15% used [0x00000000dab00000,0x00000000dabb39a8,0x00000000daf80000)
  to   space 4608K, 0% used [0x00000000daf80000,0x00000000daf80000,0x00000000db400000)
 ParOldGen       total 80896K, used 8K [0x000000008a600000, 0x000000008f500000, 0x00000000d8d00000)
  object space 80896K, 0% used [0x000000008a600000,0x000000008a602000,0x000000008f500000)
 Metaspace       used 3306K, capacity 4490K, committed 4864K, reserved 1056768K
  class space    used 384K, capacity 386K, committed 512K, reserved 1048576K
}
Event: 0.410 GC heap before
{Heap before GC invocations=2 (full 0):
 PSYoungGen      total 35328K, used 31438K [0x00000000d8d00000, 0x00000000db400000, 0x0000000100000000)
  eden space 30720K, 100% used [0x00000000d8d00000,0x00000000dab00000,0x00000000dab00000)
  from space 4608K, 15% used [0x00000000dab00000,0x00000000dabb39a8,0x00000000daf80000)
  to   space 4608K, 0% used [0x00000000daf80000,0x00000000daf80000,0x00000000db400000)
 ParOldGen       total 80896K, used 8K [0x000000008a600000, 0x000000008f500000, 0x00000000d8d00000)
  object space 80896K, 0% used [0x000000008a600000,0x000000008a602000,0x000000008f500000)
 Metaspace       used 9957K, capacity 10112K, committed 10368K, reserved 1058816K
  class space    used 1260K, capacity 1311K, committed 1408K, reserved 1048576K
Event: 0.415 GC heap after
Heap after GC invocations=2 (full 0):
 PSYoungGen      total 35328K, used 4599K [0x00000000d8d00000, 0x00000000dd200000, 0x0000000100000000)
  eden space 30720K, 0% used [0x00000000d8d00000,0x00000000d8d00000,0x00000000dab00000)
  from space 4608K, 99% used [0x00000000daf80000,0x00000000db3fdfc8,0x00000000db400000)
  to   space 4608K, 0% used [0x00000000dab00000,0x00000000dab00000,0x00000000daf80000)
 ParOldGen       total 80896K, used 845K [0x000000008a600000, 0x000000008f500000, 0x00000000d8d00000)
  object space 80896K, 1% used [0x000000008a600000,0x000000008a6d3430,0x000000008f500000)
 Metaspace       used 9957K, capacity 10112K, committed 10368K, reserved 1058816K
  class space    used 1260K, capacity 1311K, committed 1408K, reserved 1048576K
}
Event: 0.915 GC heap before
{Heap before GC invocations=3 (full 0):
 PSYoungGen      total 35328K, used 35319K [0x00000000d8d00000, 0x00000000dd200000, 0x0000000100000000)
  eden space 30720K, 100% used [0x00000000d8d00000,0x00000000dab00000,0x00000000dab00000)
  from space 4608K, 99% used [0x00000000daf80000,0x00000000db3fdfc8,0x00000000db400000)
  to   space 4608K, 0% used [0x00000000dab00000,0x00000000dab00000,0x00000000daf80000)
 ParOldGen       total 80896K, used 845K [0x000000008a600000, 0x000000008f500000, 0x00000000d8d00000)
  object space 80896K, 1% used [0x000000008a600000,0x000000008a6d3430,0x000000008f500000)
 Metaspace       used 19870K, capacity 20190K, committed 20480K, reserved 1067008K
  class space    used 2646K, capacity 2756K, committed 2816K, reserved 1048576K
Event: 0.921 GC heap after
Heap after GC invocations=3 (full 0):
 PSYoungGen      total 35328K, used 4587K [0x00000000d8d00000, 0x00000000dd200000, 0x0000000100000000)
  eden space 30720K, 0% used [0x00000000d8d00000,0x00000000d8d00000,0x00000000dab00000)
  from space 4608K, 99% used [0x00000000dab00000,0x00000000daf7ac78,0x00000000daf80000)
  to   space 4608K, 0% used [0x00000000dcd80000,0x00000000dcd80000,0x00000000dd200000)
 ParOldGen       total 80896K, used 5198K [0x000000008a600000, 0x000000008f500000, 0x00000000d8d00000)
  object space 80896K, 6% used [0x000000008a600000,0x000000008ab13960,0x000000008f500000)
 Metaspace       used 19870K, capacity 20190K, committed 20480K, reserved 1067008K
  class space    used 2646K, capacity 2756K, committed 2816K, reserved 1048576K
}
Event: 1.105 GC heap before
{Heap before GC invocations=4 (full 0):
 PSYoungGen      total 35328K, used 11406K [0x00000000d8d00000, 0x00000000dd200000, 0x0000000100000000)
  eden space 30720K, 22% used [0x00000000d8d00000,0x00000000d93a8f28,0x00000000dab00000)
  from space 4608K, 99% used [0x00000000dab00000,0x00000000daf7ac78,0x00000000daf80000)
  to   space 4608K, 0% used [0x00000000dcd80000,0x00000000dcd80000,0x00000000dd200000)
 ParOldGen       total 80896K, used 5198K [0x000000008a600000, 0x000000008f500000, 0x00000000d8d00000)
  object space 80896K, 6% used [0x000000008a600000,0x000000008ab13960,0x000000008f500000)
 Metaspace       used 20808K, capacity 21144K, committed 21296K, reserved 1067008K
  class space    used 2743K, capacity 2897K, committed 2944K, reserved 1048576K
Event: 1.111 GC heap after
Heap after GC invocations=4 (full 0):
 PSYoungGen      total 66048K, used 4587K [0x00000000d8d00000, 0x00000000dd200000, 0x0000000100000000)
  eden space 61440K, 0% used [0x00000000d8d00000,0x00000000d8d00000,0x00000000dc900000)
  from space 4608K, 99% used [0x00000000dcd80000,0x00000000dd1fac58,0x00000000dd200000)
  to   space 4608K, 0% used [0x00000000dc900000,0x00000000dc900000,0x00000000dcd80000)
 ParOldGen       total 80896K, used 6202K [0x000000008a600000, 0x000000008f500000, 0x00000000d8d00000)
  object space 80896K, 7% used [0x000000008a600000,0x000000008ac0eb08,0x000000008f500000)
 Metaspace       used 20808K, capacity 21144K, committed 21296K, reserved 1067008K
  class space    used 2743K, capacity 2897K, committed 2944K, reserved 1048576K
}
Event: 1.111 GC heap before
{Heap before GC invocations=5 (full 1):
 PSYoungGen      total 66048K, used 4587K [0x00000000d8d00000, 0x00000000dd200000, 0x0000000100000000)
  eden space 61440K, 0% used [0x00000000d8d00000,0x00000000d8d00000,0x00000000dc900000)
  from space 4608K, 99% used [0x00000000dcd80000,0x00000000dd1fac58,0x00000000dd200000)
  to   space 4608K, 0% used [0x00000000dc900000,0x00000000dc900000,0x00000000dcd80000)
 ParOldGen       total 80896K, used 6202K [0x000000008a600000, 0x000000008f500000, 0x00000000d8d00000)
  object space 80896K, 7% used [0x000000008a600000,0x000000008ac0eb08,0x000000008f500000)
 Metaspace       used 20808K, capacity 21144K, committed 21296K, reserved 1067008K
  class space    used 2743K, capacity 2897K, committed 2944K, reserved 1048576K
Event: 1.129 GC heap after
Heap after GC invocations=5 (full 1):
 PSYoungGen      total 66048K, used 0K [0x00000000d8d00000, 0x00000000dd200000, 0x0000000100000000)
  eden space 61440K, 0% used [0x00000000d8d00000,0x00000000d8d00000,0x00000000dc900000)
  from space 4608K, 0% used [0x00000000dcd80000,0x00000000dcd80000,0x00000000dd200000)
  to   space 4608K, 0% used [0x00000000dc900000,0x00000000dc900000,0x00000000dcd80000)
 ParOldGen       total 56832K, used 6189K [0x000000008a600000, 0x000000008dd80000, 0x00000000d8d00000)
  object space 56832K, 10% used [0x000000008a600000,0x000000008ac0b5a0,0x000000008dd80000)
 Metaspace       used 20808K, capacity 21144K, committed 21296K, reserved 1067008K
  class space    used 2743K, capacity 2897K, committed 2944K, reserved 1048576K
}

