# JRE version: Java(TM) SE Runtime Environment (8.0_201-b09) (build 1.8.0_201-b09)
# Java VM: Java HotSpot(TM) 64-Bit Server VM (25.201-b09 mixed mode windows-amd64 compressed oops)
Heap:
 PSYoungGen      total 66048K, used 46006K [0x00000000d8d00000, 0x00000000dd200000, 0x0000000100000000)
  eden space 61440K, 74% used [0x00000000d8d00000,0x00000000db9ed808,0x00000000dc900000)
  from space 4608K, 0% used [0x00000000dcd80000,0x00000000dcd80000,0x00000000dd200000)
  to   space 4608K, 0% used [0x00000000dc900000,0x00000000dc900000,0x00000000dcd80000)
 ParOldGen       total 57856K, used 6192K [0x000000008a600000, 0x000000008de80000, 0x00000000d8d00000)
  object space 57856K, 10% used [0x000000008a600000,0x000000008ac0c3e8,0x000000008de80000)
 Metaspace       used 28985K, capacity 29498K, committed 29824K, reserved 1075200K
  class space    used 3989K, capacity 4108K, committed 4224K, reserved 1048576K
GC Heap History (10 events):
Event: 0.099 GC heap before
{Heap before GC invocations=1 (full 0):
 PSYoungGen      total 35328K, used 30674K [0x00000000d8d00000, 0x00000000db400000, 0x0000000100000000)
  eden space 30720K, 99% used [0x00000000d8d00000,0x00000000daaf4aa0,0x00000000dab00000)
  from space 4608K, 0% used [0x00000000daf80000,0x00000000daf80000,0x00000000db400000)
  to   space 4608K, 0% used [0x00000000dab00000,0x00000000dab00000,0x00000000daf80000)
 ParOldGen       total 80896K, used 0K [0x000000008a600000, 0x000000008f500000, 0x00000000d8d00000)
  object space 80896K, 0% used [0x000000008a600000,0x000000008a600000,0x000000008f500000)
 Metaspace       used 3306K, capacity 4490K, committed 4864K, reserved 1056768K
  class space    used 384K, capacity 386K, committed 512K, reserved 1048576K
Event: 0.100 GC heap after
Heap after GC invocations=1 (full 0):
 PSYoungGen      total 35328K, used 734K [0x00000000d8d00000, 0x00000000db400000, 0x0000000100000000)
  eden space 30720K, 0% used [0x00000000d8d00000,0x00000000d8d00000,0x00000000dab00000)
  from space 4608K, 15% used [0x00000000dab00000,0x00000000dabb79b8,0x00000000daf80000)
  to   space 4608K, 0% used [0x00000000daf80000,0x00000000daf80000,0x00000000db400000)
 ParOldGen       total 80896K, used 8K [0x000000008a600000, 0x000000008f500000, 0x00000000d8d00000)
  object space 80896K, 0% used [0x000000008a600000,0x000000008a602000,0x000000008f500000)
 Metaspace       used 3306K, capacity 4490K, committed 4864K, reserved 1056768K
  class space    used 384K, capacity 386K, committed 512K, reserved 1048576K
}
Event: 0.405 GC heap before
{Heap before GC invocations=2 (full 0):
 PSYoungGen      total 35328K, used 31454K [0x00000000d8d00000, 0x00000000db400000, 0x0000000100000000)
  eden space 30720K, 100% used [0x00000000d8d00000,0x00000000dab00000,0x00000000dab00000)
  from space 4608K, 15% used [0x00000000dab00000,0x00000000dabb79b8,0x00000000daf80000)
  to   space 4608K, 0% used [0x00000000daf80000,0x00000000daf80000,0x00000000db400000)
 ParOldGen       total 80896K, used 8K [0x000000008a600000, 0x000000008f500000, 0x00000000d8d00000)
  object space 80896K, 0% used [0x000000008a600000,0x000000008a602000,0x000000008f500000)
 Metaspace       used 9960K, capacity 10112K, committed 10368K, reserved 1058816K
  class space    used 1260K, capacity 1311K, committed 1408K, reserved 1048576K
Event: 0.409 GC heap after
Heap after GC invocations=2 (full 0):
 PSYoungGen      total 35328K, used 4597K [0x00000000d8d00000, 0x00000000db400000, 0x0000000100000000)
  eden space 30720K, 0% used [0x00000000d8d00000,0x00000000d8d00000,0x00000000dab00000)
  from space 4608K, 99% used [0x00000000daf80000,0x00000000db3fd490,0x00000000db400000)
  to   space 4608K, 0% used [0x00000000dab00000,0x00000000dab00000,0x00000000daf80000)
 ParOldGen       total 80896K, used 977K [0x000000008a600000, 0x000000008f500000, 0x00000000d8d00000)
  object space 80896K, 1% used [0x000000008a600000,0x000000008a6f4608,0x000000008f500000)
 Metaspace       used 9960K, capacity 10112K, committed 10368K, reserved 1058816K
  class space    used 1260K, capacity 1311K, committed 1408K, reserved 1048576K
}
Event: 0.909 GC heap before
{Heap before GC invocations=3 (full 0):
 PSYoungGen      total 35328K, used 35317K [0x00000000d8d00000, 0x00000000db400000, 0x0000000100000000)
  eden space 30720K, 100% used [0x00000000d8d00000,0x00000000dab00000,0x00000000dab00000)
  from space 4608K, 99% used [0x00000000daf80000,0x00000000db3fd490,0x00000000db400000)
  to   space 4608K, 0% used [0x00000000dab00000,0x00000000dab00000,0x00000000daf80000)
 ParOldGen       total 80896K, used 977K [0x000000008a600000, 0x000000008f500000, 0x00000000d8d00000)
  object space 80896K, 1% used [0x000000008a600000,0x000000008a6f4608,0x000000008f500000)
 Metaspace       used 19860K, capacity 20190K, committed 20480K, reserved 1067008K
  class space    used 2646K, capacity 2756K, committed 2816K, reserved 1048576K
Event: 0.917 GC heap after
Heap after GC invocations=3 (full 0):
 PSYoungGen      total 35328K, used 4587K [0x00000000d8d00000, 0x00000000dd200000, 0x0000000100000000)
  eden space 30720K, 0% used [0x00000000d8d00000,0x00000000d8d00000,0x00000000dab00000)
  from space 4608K, 99% used [0x00000000dab00000,0x00000000daf7ac58,0x00000000daf80000)
  to   space 4608K, 0% used [0x00000000dcd80000,0x00000000dcd80000,0x00000000dd200000)
 ParOldGen       total 80896K, used 5309K [0x000000008a600000, 0x000000008f500000, 0x00000000d8d00000)
  object space 80896K, 6% used [0x000000008a600000,0x000000008ab2f5e0,0x000000008f500000)
 Metaspace       used 19860K, capacity 20190K, committed 20480K, reserved 1067008K
  class space    used 2646K, capacity 2756K, committed 2816K, reserved 1048576K
}
Event: 1.098 GC heap before
{Heap before GC invocations=4 (full 0):
 PSYoungGen      total 35328K, used 11405K [0x00000000d8d00000, 0x00000000dd200000, 0x0000000100000000)
  eden space 30720K, 22% used [0x00000000d8d00000,0x00000000d93a8980,0x00000000dab00000)
  from space 4608K, 99% used [0x00000000dab00000,0x00000000daf7ac58,0x00000000daf80000)
  to   space 4608K, 0% used [0x00000000dcd80000,0x00000000dcd80000,0x00000000dd200000)
 ParOldGen       total 80896K, used 5309K [0x000000008a600000, 0x000000008f500000, 0x00000000d8d00000)
  object space 80896K, 6% used [0x000000008a600000,0x000000008ab2f5e0,0x000000008f500000)
 Metaspace       used 20807K, capacity 21144K, committed 21296K, reserved 1067008K
  class space    used 2744K, capacity 2897K, committed 2944K, reserved 1048576K
Event: 1.102 GC heap after
Heap after GC invocations=4 (full 0):
 PSYoungGen      total 66048K, used 4603K [0x00000000d8d00000, 0x00000000dd200000, 0x0000000100000000)
  eden space 61440K, 0% used [0x00000000d8d00000,0x00000000d8d00000,0x00000000dc900000)
  from space 4608K, 99% used [0x00000000dcd80000,0x00000000dd1fec68,0x00000000dd200000)
  to   space 4608K, 0% used [0x00000000dc900000,0x00000000dc900000,0x00000000dcd80000)
 ParOldGen       total 80896K, used 6311K [0x000000008a600000, 0x000000008f500000, 0x00000000d8d00000)
  object space 80896K, 7% used [0x000000008a600000,0x000000008ac29de8,0x000000008f500000)
 Metaspace       used 20807K, capacity 21144K, committed 21296K, reserved 1067008K
  class space    used 2744K, capacity 2897K, committed 2944K, reserved 1048576K
}
Event: 1.102 GC heap before
{Heap before GC invocations=5 (full 1):
 PSYoungGen      total 66048K, used 4603K [0x00000000d8d00000, 0x00000000dd200000, 0x0000000100000000)
  eden space 61440K, 0% used [0x00000000d8d00000,0x00000000d8d00000,0x00000000dc900000)
  from space 4608K, 99% used [0x00000000dcd80000,0x00000000dd1fec68,0x00000000dd200000)
  to   space 4608K, 0% used [0x00000000dc900000,0x00000000dc900000,0x00000000dcd80000)
 ParOldGen       total 80896K, used 6311K [0x000000008a600000, 0x000000008f500000, 0x00000000d8d00000)
  object space 80896K, 7% used [0x000000008a600000,0x000000008ac29de8,0x000000008f500000)
 Metaspace       used 20807K, capacity 21144K, committed 21296K, reserved 1067008K
  class space    used 2744K, capacity 2897K, committed 2944K, reserved 1048576K
Event: 1.120 GC heap after
Heap after GC invocations=5 (full 1):
 PSYoungGen      total 66048K, used 0K [0x00000000d8d00000, 0x00000000dd200000, 0x0000000100000000)
  eden space 61440K, 0% used [0x00000000d8d00000,0x00000000d8d00000,0x00000000dc900000)
  from space 4608K, 0% used [0x00000000dcd80000,0x00000000dcd80000,0x00000000dd200000)
  to   space 4608K, 0% used [0x00000000dc900000,0x00000000dc900000,0x00000000dcd80000)
 ParOldGen       total 57856K, used 6192K [0x000000008a600000, 0x000000008de80000, 0x00000000d8d00000)
  object space 57856K, 10% used [0x000000008a600000,0x000000008ac0c3e8,0x000000008de80000)
 Metaspace       used 20807K, capacity 21144K, committed 21296K, reserved 1067008K
  class space    used 2744K, capacity 2897K, committed 2944K, reserved 1048576K
}

